<?xml version="1.0" encoding="UTF-8"?>
<!-- Generated by org.testng.reporters.JUnitXMLReporter -->
<testsuite ignored="0" hostname="LAPTOP-BDL305ER" failures="0" tests="2" name="Test3" time="0.11" errors="0" timestamp="2023-06-26T11:50:23 IST">
  <testcase classname="Generic_utility.BaseClass" name="@BeforeClass beforeClass" time="-1.687760423615E9">
    <failure type="org.testng.TestNGException" message="
Parameter &amp;apos;BROWSER&amp;apos; is required by BeforeClass on method beforeClass but has not been marked @Optional or defined
in C:\4CCM12 JAVA\Banti Java\JAVA PART - 2\AdvanceSeleniumQspider\ParallelExecutiontestng.xml">
      <![CDATA[org.testng.TestNGException: 
Parameter 'BROWSER' is required by BeforeClass on method beforeClass but has not been marked @Optional or defined
in C:\4CCM12 JAVA\Banti Java\JAVA PART - 2\AdvanceSeleniumQspider\ParallelExecutiontestng.xml
at java.base/java.util.ArrayList.forEach(ArrayList.java:1511)
at java.base/java.util.concurrent.FutureTask.run(FutureTask.java:317)
at java.base/java.util.concurrent.ThreadPoolExecutor.runWorker(ThreadPoolExecutor.java:1144)
at java.base/java.util.concurrent.ThreadPoolExecutor$Worker.run(ThreadPoolExecutor.java:642)
at java.base/java.lang.Thread.run(Thread.java:1589)
... Removed 13 stack frames]]>
    </failure>
  </testcase> <!-- @BeforeClass beforeClass -->
  <testcase classname="Generic_utility.BaseClass" name="@BeforeMethod beforeMethod" time="-1.687760423638E9">
    <skipped/>
  </testcase> <!-- @BeforeMethod beforeMethod -->
  <testcase classname="Generic_utility.BaseClass" name="@AfterMethod afterMethod" time="-1.687760423649E9">
    <skipped/>
  </testcase> <!-- @AfterMethod afterMethod -->
  <testcase classname="Generic_utility.BaseClass" name="@BeforeMethod beforeMethod" time="-1.687760423663E9">
    <skipped/>
  </testcase> <!-- @BeforeMethod beforeMethod -->
  <testcase classname="Generic_utility.BaseClass" name="@AfterMethod afterMethod" time="-1.687760423676E9">
    <skipped/>
  </testcase> <!-- @AfterMethod afterMethod -->
  <testcase classname="Generic_utility.BaseClass" name="@AfterClass afterClass" time="-1.687760423686E9">
    <skipped/>
  </testcase> <!-- @AfterClass afterClass -->
  <testcase classname="OrganizationVtiger.CreateOrganizationTest" name="checkmethod" time="0.0">
    <skipped/>
  </testcase> <!-- checkmethod -->
  <testcase classname="OrganizationVtiger.CreateOrganizationTest" name="createOrganizationTest" time="0.0">
    <skipped/>
  </testcase> <!-- createOrganizationTest -->
</testsuite> <!-- Test3 -->
